<?xml version="1.0" encoding="UTF-8"?>
<!-- Generated by org.testng.reporters.JUnitReportReporter -->
<testsuite hostname="Jeremiah" failures="0" tests="1" name="test.Checking" time="0.022" errors="0" timestamp="2022-05-17T13:04:05 IST" skipped="0">
  <testcase classname="test.Checking" name="testCaseOne" time="0.022"/>
  <system-out/>
</testsuite> <!-- test.Checking -->
